{
  "RSpec": {
    "coverage": {
      "/Users/eric.roos/Code/me/modern_rails_blog/app/models/user.rb": {
        "lines": [
          1,
          1,
          null,
          1,
          null,
          null,
          1,
          null,
          1,
          null
        ]
      },
      "/Users/eric.roos/Code/me/modern_rails_blog/app/models/application_record.rb": {
        "lines": [
          1,
          1,
          null
        ]
      },
      "/Users/eric.roos/Code/me/modern_rails_blog/app/models/concerns/find_by_cache.rb": {
        "lines": [
          1,
          1,
          1,
          null,
          1,
          1,
          null,
          1,
          0,
          0,
          null,
          0,
          0,
          null,
          null,
          null,
          null,
          1,
          0,
          null,
          null
        ]
      },
      "/Users/eric.roos/Code/me/modern_rails_blog/app/helpers/application_helper.rb": {
        "lines": [
          1,
          null
        ]
      },
      "/Users/eric.roos/Code/me/modern_rails_blog/app/helpers/authors_helper.rb": {
        "lines": [
          1,
          null
        ]
      },
      "/Users/eric.roos/Code/me/modern_rails_blog/app/helpers/heroicon_helper.rb": {
        "lines": [
          null,
          null,
          1,
          1,
          null
        ]
      },
      "/Users/eric.roos/Code/me/modern_rails_blog/app/helpers/posts_helper.rb": {
        "lines": [
          1,
          null
        ]
      },
      "/Users/eric.roos/Code/me/modern_rails_blog/app/helpers/sandbox_helper.rb": {
        "lines": [
          1,
          null
        ]
      },
      "/Users/eric.roos/Code/me/modern_rails_blog/app/components/atoms/card_component.rb": {
        "lines": [
          null,
          null,
          1,
          null,
          1,
          0,
          null,
          null,
          null
        ]
      },
      "/Users/eric.roos/Code/me/modern_rails_blog/app/channels/application_cable/channel.rb": {
        "lines": [
          0,
          0,
          0,
          0
        ],
        "branches": {
        }
      },
      "/Users/eric.roos/Code/me/modern_rails_blog/app/channels/application_cable/connection.rb": {
        "lines": [
          0,
          0,
          0,
          0
        ],
        "branches": {
        }
      },
      "/Users/eric.roos/Code/me/modern_rails_blog/app/components/atoms/button_component.rb": {
        "lines": [
          null,
          null,
          0,
          0,
          0,
          0,
          0,
          null,
          0,
          0,
          0,
          null,
          0,
          0,
          0,
          null,
          0,
          null,
          0,
          0,
          0,
          null,
          0
        ],
        "branches": {
        }
      },
      "/Users/eric.roos/Code/me/modern_rails_blog/app/components/atoms/link_component.rb": {
        "lines": [
          null,
          null,
          0,
          0,
          0,
          0,
          0,
          0,
          null,
          0,
          0,
          0,
          0,
          null,
          0,
          0,
          0,
          null,
          0,
          null,
          0,
          0,
          0,
          null,
          0,
          0,
          0,
          null,
          0
        ],
        "branches": {
        }
      },
      "/Users/eric.roos/Code/me/modern_rails_blog/app/components/atoms/user_name_plate_component.rb": {
        "lines": [
          null,
          null,
          0,
          0,
          0,
          0,
          0,
          0
        ],
        "branches": {
        }
      },
      "/Users/eric.roos/Code/me/modern_rails_blog/app/components/forms/email_field_component.rb": {
        "lines": [
          null,
          null,
          0,
          0
        ],
        "branches": {
        }
      },
      "/Users/eric.roos/Code/me/modern_rails_blog/app/components/forms/password_field_component.rb": {
        "lines": [
          null,
          null,
          0,
          0,
          0,
          0,
          0
        ],
        "branches": {
        }
      },
      "/Users/eric.roos/Code/me/modern_rails_blog/app/components/forms/rich_text_area_component.rb": {
        "lines": [
          null,
          null,
          0,
          0,
          0,
          0,
          0
        ],
        "branches": {
        }
      },
      "/Users/eric.roos/Code/me/modern_rails_blog/app/components/forms/submit_component.rb": {
        "lines": [
          null,
          null,
          0,
          0,
          0,
          0,
          null,
          0,
          0,
          0,
          0
        ],
        "branches": {
        }
      },
      "/Users/eric.roos/Code/me/modern_rails_blog/app/components/forms/text_field_component.rb": {
        "lines": [
          null,
          null,
          0,
          0,
          0,
          0,
          null,
          0,
          0,
          0,
          0
        ],
        "branches": {
        }
      },
      "/Users/eric.roos/Code/me/modern_rails_blog/app/components/molecules/post_card_component.rb": {
        "lines": [
          null,
          null,
          0,
          0,
          0,
          0,
          0,
          0,
          0,
          0,
          0
        ],
        "branches": {
        }
      },
      "/Users/eric.roos/Code/me/modern_rails_blog/app/components/molecules/post_preview_card_component.rb": {
        "lines": [
          null,
          null,
          0,
          0,
          0,
          0,
          0,
          0,
          0,
          0,
          0,
          0
        ],
        "branches": {
        }
      },
      "/Users/eric.roos/Code/me/modern_rails_blog/app/components/organisms/applaud_post_component.rb": {
        "lines": [
          null,
          null,
          0,
          0,
          null,
          0,
          0,
          0,
          0,
          0,
          0,
          null,
          0
        ],
        "branches": {
        }
      },
      "/Users/eric.roos/Code/me/modern_rails_blog/app/components/organisms/post_component.rb": {
        "lines": [
          null,
          null,
          0,
          0,
          0,
          0,
          null,
          0,
          0,
          0,
          0,
          0,
          0,
          0,
          0,
          0,
          0,
          0
        ],
        "branches": {
        }
      },
      "/Users/eric.roos/Code/me/modern_rails_blog/app/components/organisms/post_form_component.rb": {
        "lines": [
          null,
          null,
          0,
          0,
          0,
          null,
          0,
          0,
          0,
          null,
          0
        ],
        "branches": {
        }
      },
      "/Users/eric.roos/Code/me/modern_rails_blog/app/components/organisms/post_preview_component.rb": {
        "lines": [
          null,
          null,
          0,
          0,
          0,
          0,
          null,
          0,
          0,
          0,
          0,
          0,
          0,
          0,
          0,
          0,
          0,
          null,
          0,
          0,
          0,
          0
        ],
        "branches": {
        }
      },
      "/Users/eric.roos/Code/me/modern_rails_blog/app/components/organisms/user_list_card_component.rb": {
        "lines": [
          null,
          null,
          0,
          0,
          0,
          0,
          null,
          0
        ],
        "branches": {
        }
      },
      "/Users/eric.roos/Code/me/modern_rails_blog/app/components/pages/edit_post_page_component.rb": {
        "lines": [
          null,
          null,
          0,
          0,
          null,
          0,
          0,
          0,
          null,
          0
        ],
        "branches": {
        }
      },
      "/Users/eric.roos/Code/me/modern_rails_blog/app/components/pages/new_post_page_component.rb": {
        "lines": [
          null,
          null,
          0,
          0,
          null,
          0,
          0,
          0,
          null,
          0
        ],
        "branches": {
        }
      },
      "/Users/eric.roos/Code/me/modern_rails_blog/app/components/pages/post_page_component.rb": {
        "lines": [
          null,
          null,
          0,
          0,
          0,
          0,
          0,
          0,
          null,
          0
        ],
        "branches": {
        }
      },
      "/Users/eric.roos/Code/me/modern_rails_blog/app/components/pages/posts_page_component.rb": {
        "lines": [
          null,
          null,
          0,
          0,
          0,
          0,
          null,
          0,
          0,
          0,
          0,
          0,
          0,
          0,
          0,
          0,
          0,
          0
        ],
        "branches": {
        }
      },
      "/Users/eric.roos/Code/me/modern_rails_blog/app/components/templates/fixed_center_card_component.rb": {
        "lines": [
          null,
          null,
          0,
          0,
          null,
          0
        ],
        "branches": {
        }
      },
      "/Users/eric.roos/Code/me/modern_rails_blog/app/components/templates/two_column_component.rb": {
        "lines": [
          null,
          null,
          0,
          0,
          0,
          0
        ],
        "branches": {
        }
      },
      "/Users/eric.roos/Code/me/modern_rails_blog/app/controllers/application_controller.rb": {
        "lines": [
          0,
          0,
          0,
          0
        ],
        "branches": {
        }
      },
      "/Users/eric.roos/Code/me/modern_rails_blog/app/controllers/authors_controller.rb": {
        "lines": [
          0,
          0,
          0,
          0,
          0
        ],
        "branches": {
        }
      },
      "/Users/eric.roos/Code/me/modern_rails_blog/app/controllers/posts_controller.rb": {
        "lines": [
          0,
          0,
          null,
          null,
          0,
          0,
          0,
          0,
          null,
          null,
          0,
          0,
          0,
          0,
          0,
          0,
          0,
          0,
          null,
          null,
          0,
          0,
          0,
          null,
          null,
          0,
          0,
          0,
          null,
          null,
          0,
          0,
          null,
          0,
          0,
          0,
          0,
          0,
          0,
          0,
          0,
          0,
          0,
          null,
          null,
          0,
          0,
          0,
          0,
          0,
          0,
          0,
          0,
          0,
          0,
          0,
          null,
          null,
          0,
          0,
          null,
          0,
          0,
          0,
          0,
          null,
          0,
          0,
          0,
          0,
          0,
          0,
          0,
          null,
          0,
          0,
          0,
          0,
          0,
          0,
          0,
          0,
          null,
          0,
          null,
          0,
          0,
          0,
          0,
          null,
          null,
          0,
          0,
          0,
          null,
          null,
          0,
          0,
          0,
          0
        ],
        "branches": {
        }
      },
      "/Users/eric.roos/Code/me/modern_rails_blog/app/jobs/application_job.rb": {
        "lines": [
          0,
          null,
          null,
          null,
          null,
          null,
          0
        ],
        "branches": {
        }
      },
      "/Users/eric.roos/Code/me/modern_rails_blog/app/mailers/application_mailer.rb": {
        "lines": [
          0,
          0,
          0,
          0
        ],
        "branches": {
        }
      },
      "/Users/eric.roos/Code/me/modern_rails_blog/app/models/custom_form_builder.rb": {
        "lines": [
          null,
          null,
          0,
          null,
          0,
          0
        ],
        "branches": {
        }
      },
      "/Users/eric.roos/Code/me/modern_rails_blog/app/models/post.rb": {
        "lines": [
          0,
          0,
          0,
          null,
          0,
          0,
          null,
          0,
          null,
          0
        ],
        "branches": {
        }
      },
      "/Users/eric.roos/Code/me/modern_rails_blog/app/models/post_search.rb": {
        "lines": [
          0,
          0,
          null,
          0,
          null,
          0,
          0,
          0,
          0,
          0,
          0,
          0,
          0,
          null,
          0,
          null,
          0,
          0,
          0,
          null,
          0,
          0,
          0,
          0,
          0,
          null,
          0,
          0,
          0,
          null,
          0,
          0,
          0,
          null,
          0,
          0,
          0,
          0
        ],
        "branches": {
        }
      }
    },
    "timestamp": 1651028032
  }
}
